#
# A fatal error has been detected by the Java Runtime Environment:
#
#  SIGSEGV (0xb) at pc=0x000000010b307d1e, pid=7205, tid=16899
#
# JRE version: Java(TM) SE Runtime Environment (8.0_45-b14) (build 1.8.0_45-b14)
# Java VM: Java HotSpot(TM) 64-Bit Server VM (25.45-b02 mixed mode bsd-amd64 compressed oops)
# Problematic frame:
# V  [libjvm.dylib+0x432d1e]
#
# Failed to write core dump. Core dumps have been disabled. To enable core dumping, try "ulimit -c unlimited" before starting Java again
#
# If you would like to submit a bug report, please visit:
#   http://bugreport.java.com/bugreport/crash.jsp
#

---------------  T H R E A D  ---------------

Current thread (0x00007ff30c840000):  JavaThread "JDWP Transport Listener: dt_socket" daemon [_thread_in_vm, id=16899, stack(0x000000012429d000,0x000000012439d000)]

siginfo: si_signo: 11 (SIGSEGV), si_code: 0 (unknown), si_addr: 0x0000000000000000

Registers:
RAX=0x0000000000000001, RBX=0xdd600000007fff7b, RCX=0x000000010b6cf190, RDX=0x000000012439ca8b
RSP=0x000000012439c9d0, RBP=0x000000012439c9e0, RSI=0x00007ff30c840000, RDI=0x00007ff30bd00003
R8 =0x0000000000000001, R9 =0x00007ff30bd00000, R10=0x0000000000000020, R11=0x00007ff30bd00000
R12=0x00007ff30c840000, R13=0x00007ff30bd00003, R14=0x00007ff30bd00003, R15=0x00007ff30be1e0c0
RIP=0x000000010b307d1e, EFLAGS=0x0000000000010286, ERR=0x0000000000000000
  TRAPNO=0x000000000000000d

Top of Stack: (sp=0x000000012439c9d0)
0x000000012439c9d0:   000000012439ca8b 000000012439ca8b
0x000000012439c9e0:   000000012439ca40 000000010b2180d6
0x000000012439c9f0:   00007ff30c840000 0000000000000000
0x000000012439ca00:   0000000000000000 0000000000000000
0x000000012439ca10:   00007ff30c840000 00007ff30c840000
0x000000012439ca20:   000000012439ca8b 000000012439ca90
0x000000012439ca30:   00007ff30bd00003 0000000000000006
0x000000012439ca40:   000000012439ca60 000000010bfa5780
0x000000012439ca50:   0000000000000001 000000012439cb08
0x000000012439ca60:   000000012439cad0 000000010bf8a1f3
0x000000012439ca70:   000000012439caa0 00007ff30bd7a410
0x000000012439ca80:   0000000a00000032 000000010039cb08
0x000000012439ca90:   0000000000000000 0000000000000000
0x000000012439caa0:   0000000000000000 000000012439cc90
0x000000012439cab0:   000000010bface7a 00007ff30be79b50
0x000000012439cac0:   000000012439cb08 000000010bfb8598
0x000000012439cad0:   000000012439cae0 000000010bf8a2ec
0x000000012439cae0:   000000012439cd00 000000010bf93898
0x000000012439caf0:   0002bb2500000013 00000000000f0200
0x000000012439cb00:   00007ff30be9b660 00007ff30bd7bc0d
0x000000012439cb10:   00007ff30000020b 00007ff30bd2a9b0
0x000000012439cb20:   00007ff30000012c 000000012439cb58
0x000000012439cb30:   00007ff30bd2a9b0 0000000000000000
0x000000012439cb40:   0002bb250000000f 0000000000000080
0x000000012439cb50:   000000012439cb58 f37f00000a000000
0x000000012439cb60:   08000000d8c9f00b 3e74696e696c633c
0x000000012439cb70:   0056292803000000 0008000000000000
0x000000012439cb80:   006887f10bf37f00 64657062640e0000
0x000000012439cb90:   65245f4952556169 6a4c281500000071
0x000000012439cba0:   676e616c2f617661 3b676e697274532f
0x000000012439cbb0:   0000000000005629 f10bf37f00000200
0x000000012439cbc0:   6572120000006087 646f6874654d6c66 

Instructions: (pc=0x000000010b307d1e)
0x000000010b307cfe:   31 c0 5d c3 55 48 89 e5 53 48 83 ec 08 48 85 ff
0x000000010b307d0e:   74 24 48 8b 1f 48 85 db 74 1c 48 83 fb 37 74 16
0x000000010b307d1e:   48 8b 03 48 89 df ff 50 10 84 c0 b8 00 00 00 00
0x000000010b307d2e:   48 0f 45 c3 eb 02 31 c0 48 83 c4 08 5b 5d c3 90 

Register to memory mapping:

RAX=0x0000000000000001 is an unknown value
RBX=0xdd600000007fff7b is an unknown value
RCX=0x000000010b6cf190: UseMembar+0 in /Library/Java/JavaVirtualMachines/jdk1.8.0_45.jdk/Contents/Home/jre/lib/server/libjvm.dylib at 0x000000010aed5000
RDX=0x000000012439ca8b is pointing into the stack for thread: 0x00007ff30c840000
RSP=0x000000012439c9d0 is pointing into the stack for thread: 0x00007ff30c840000
RBP=0x000000012439c9e0 is pointing into the stack for thread: 0x00007ff30c840000
RSI=0x00007ff30c840000 is a thread
RDI=0x00007ff30bd00003 is an unknown value
R8 =0x0000000000000001 is an unknown value
R9 =0x00007ff30bd00000 is an unknown value
R10=0x0000000000000020 is an unknown value
R11=0x00007ff30bd00000 is an unknown value
R12=0x00007ff30c840000 is a thread
R13=0x00007ff30bd00003 is an unknown value
R14=0x00007ff30bd00003 is an unknown value
R15=0x00007ff30be1e0c0 is an unknown value


Stack: [0x000000012429d000,0x000000012439d000],  sp=0x000000012439c9d0,  free space=1022k
Native frames: (J=compiled Java code, j=interpreted, Vv=VM code, C=native code)
V  [libjvm.dylib+0x432d1e]
V  [libjvm.dylib+0x3430d6]
C  [libjdwp.dylib+0x20780]  isMethodSynthetic+0x63
C  [libjdwp.dylib+0x51f3]  methods1+0x10b
C  [libjdwp.dylib+0x52ec]  methodsWithGeneric+0xe
C  [libjdwp.dylib+0xe898]  debugLoop_run+0x1ce
C  [libjdwp.dylib+0x1f6ba]  attachThread+0x4d
V  [libjvm.dylib+0x38401c]
V  [libjvm.dylib+0x549acf]
V  [libjvm.dylib+0x54b1c0]
V  [libjvm.dylib+0x46ea7e]
C  [libsystem_pthread.dylib+0x3268]  _pthread_body+0x83
C  [libsystem_pthread.dylib+0x31e5]  _pthread_body+0x0
C  [libsystem_pthread.dylib+0x141d]  thread_start+0xd
C  0x0000000000000000


---------------  P R O C E S S  ---------------

Java Threads: ( => current thread )
  0x00007ff30c089800 JavaThread "Service Thread" daemon [_thread_blocked, id=19971, stack(0x00000001248af000,0x00000001249af000)]
  0x00007ff30d82a000 JavaThread "C1 CompilerThread2" daemon [_thread_blocked, id=19459, stack(0x00000001247ac000,0x00000001248ac000)]
  0x00007ff30d829000 JavaThread "C2 CompilerThread1" daemon [_thread_blocked, id=18947, stack(0x00000001246a9000,0x00000001247a9000)]
  0x00007ff30c013800 JavaThread "C2 CompilerThread0" daemon [_thread_blocked, id=18435, stack(0x00000001245a6000,0x00000001246a6000)]
  0x00007ff30c045800 JavaThread "JDWP Command Reader" daemon [_thread_in_native, id=17923, stack(0x00000001244a3000,0x00000001245a3000)]
  0x00007ff30c014800 JavaThread "JDWP Event Helper Thread" daemon [_thread_blocked, id=17411, stack(0x00000001243a0000,0x00000001244a0000)]
=>0x00007ff30c840000 JavaThread "JDWP Transport Listener: dt_socket" daemon [_thread_in_vm, id=16899, stack(0x000000012429d000,0x000000012439d000)]
  0x00007ff30d820800 JavaThread "Signal Dispatcher" daemon [_thread_blocked, id=16151, stack(0x0000000124193000,0x0000000124293000)]
  0x00007ff30c811000 JavaThread "Finalizer" daemon [_thread_blocked, id=11523, stack(0x000000012278d000,0x000000012288d000)]
  0x00007ff30c03c800 JavaThread "Reference Handler" daemon [_thread_blocked, id=11011, stack(0x000000012268a000,0x000000012278a000)]
  0x00007ff30c80f000 JavaThread "main" [_thread_blocked, id=3331, stack(0x000000010be3f000,0x000000010bf3f000)]

Other Threads:
  0x00007ff30c03a000 VMThread [stack: 0x0000000122587000,0x0000000122687000] [id=10499]
  0x00007ff30c08a000 WatcherThread [stack: 0x00000001249b2000,0x0000000124ab2000] [id=20483]

VM state:not at safepoint (normal execution)

VM Mutex/Monitor currently owned by a thread: None

Heap:
 PSYoungGen      total 38400K, used 21146K [0x0000000795580000, 0x0000000798000000, 0x00000007c0000000)
  eden space 33280K, 48% used [0x0000000795580000,0x000000079652aeb8,0x0000000797600000)
  from space 5120K, 99% used [0x0000000797600000,0x0000000797afbc30,0x0000000797b00000)
  to   space 5120K, 0% used [0x0000000797b00000,0x0000000797b00000,0x0000000798000000)
 ParOldGen       total 87552K, used 1104K [0x0000000740000000, 0x0000000745580000, 0x0000000795580000)
  object space 87552K, 1% used [0x0000000740000000,0x0000000740114358,0x0000000745580000)
 Metaspace       used 12758K, capacity 12978K, committed 13184K, reserved 1060864K
  class space    used 1714K, capacity 1799K, committed 1920K, reserved 1048576K

Card table byte_map: [0x000000011bc00000,0x000000011c001000] byte_map_base: 0x0000000118200000

Marking Bits: (ParMarkBitMap*) 0x000000010b7977a0
 Begin Bits: [0x000000011c6b8000, 0x000000011e6b8000)
 End Bits:   [0x000000011e6b8000, 0x00000001206b8000)

Polling page: 0x000000010bf84000

CodeCache: size=245760Kb used=4343Kb max_used=4352Kb free=241416Kb
 bounds [0x000000010bfe6000, 0x000000010c436000, 0x000000011afe6000]
 total_blobs=1506 nmethods=1160 adapters=268
 compilation: enabled

Compilation events (10 events):
Event: 14.492 Thread 0x00007ff30d82a000 1156       3       scala.collection.GenSeqLike$class::$init$ (1 bytes)
Event: 14.492 Thread 0x00007ff30d82a000 nmethod 1156 0x000000010c417290 code [0x000000010c4173e0, 0x000000010c417510]
Event: 14.492 Thread 0x00007ff30d82a000 1157       3       scala.collection.GenSeq$class::$init$ (1 bytes)
Event: 14.492 Thread 0x00007ff30d82a000 nmethod 1157 0x000000010c416f90 code [0x000000010c4170e0, 0x000000010c417210]
Event: 14.492 Thread 0x00007ff30d82a000 1158       3       scala.collection.SeqLike$class::$init$ (1 bytes)
Event: 14.492 Thread 0x00007ff30d82a000 nmethod 1158 0x000000010c416c90 code [0x000000010c416de0, 0x000000010c416f10]
Event: 14.492 Thread 0x00007ff30d82a000 1159       3       scala.collection.Seq$class::$init$ (1 bytes)
Event: 14.492 Thread 0x00007ff30d82a000 nmethod 1159 0x000000010c416990 code [0x000000010c416ae0, 0x000000010c416c10]
Event: 17.353 Thread 0x00007ff30d82a000 1160       1       scala.collection.LinearSeqLike$$anon$1::these (5 bytes)
Event: 17.353 Thread 0x00007ff30d82a000 nmethod 1160 0x000000010c4166d0 code [0x000000010c416820, 0x000000010c416930]

GC Heap History (2 events):
Event: 1.956 GC heap before
{Heap before GC invocations=1 (full 0):
 PSYoungGen      total 38400K, used 33280K [0x0000000795580000, 0x0000000798000000, 0x00000007c0000000)
  eden space 33280K, 100% used [0x0000000795580000,0x0000000797600000,0x0000000797600000)
  from space 5120K, 0% used [0x0000000797b00000,0x0000000797b00000,0x0000000798000000)
  to   space 5120K, 0% used [0x0000000797600000,0x0000000797600000,0x0000000797b00000)
 ParOldGen       total 87552K, used 0K [0x0000000740000000, 0x0000000745580000, 0x0000000795580000)
  object space 87552K, 0% used [0x0000000740000000,0x0000000740000000,0x0000000745580000)
 Metaspace       used 9299K, capacity 9448K, committed 9728K, reserved 1058816K
  class space    used 1194K, capacity 1246K, committed 1280K, reserved 1048576K
Event: 1.968 GC heap after
Heap after GC invocations=1 (full 0):
 PSYoungGen      total 38400K, used 5103K [0x0000000795580000, 0x0000000798000000, 0x00000007c0000000)
  eden space 33280K, 0% used [0x0000000795580000,0x0000000795580000,0x0000000797600000)
  from space 5120K, 99% used [0x0000000797600000,0x0000000797afbc30,0x0000000797b00000)
  to   space 5120K, 0% used [0x0000000797b00000,0x0000000797b00000,0x0000000798000000)
 ParOldGen       total 87552K, used 1104K [0x0000000740000000, 0x0000000745580000, 0x0000000795580000)
  object space 87552K, 1% used [0x0000000740000000,0x0000000740114358,0x0000000745580000)
 Metaspace       used 9299K, capacity 9448K, committed 9728K, reserved 1058816K
  class space    used 1194K, capacity 1246K, committed 1280K, reserved 1048576K
}

Deoptimization events (10 events):
Event: 1.131 Thread 0x00007ff30d165800 Uncommon trap: reason=unstable_if action=reinterpret pc=0x000000010c166a8c method=sun.misc.MetaIndex.mayContain(Ljava/lang/String;)Z @ 38
Event: 1.579 Thread 0x00007ff30d165800 Uncommon trap: reason=predicate action=maybe_recompile pc=0x000000010c1c9e84 method=sun.net.www.ParseUtil.encodePath(Ljava/lang/String;Z)Ljava/lang/String; @ 36
Event: 1.648 Thread 0x00007ff30d165800 Uncommon trap: reason=unstable_if action=reinterpret pc=0x000000010c262190 method=java.io.ByteArrayInputStream.read()I @ 8
Event: 1.773 Thread 0x00007ff30d165800 Uncommon trap: reason=unstable_if action=reinterpret pc=0x000000010c241390 method=java.lang.CharacterDataLatin1.digit(II)I @ 82
Event: 1.917 Thread 0x00007ff30d165800 Uncommon trap: reason=unstable_if action=reinterpret pc=0x000000010c24c674 method=java.lang.CharacterDataLatin1.digit(II)I @ 82
Event: 2.040 Thread 0x00007ff30d165800 Uncommon trap: reason=unstable_if action=reinterpret pc=0x000000010c222bc4 method=java.lang.String.indexOf([CII[CIII)I @ 27
Event: 2.052 Thread 0x00007ff30d165800 Uncommon trap: reason=unstable_if action=reinterpret pc=0x000000010c1f8b20 method=java.lang.String.lastIndexOf([CII[CIII)I @ 66
Event: 2.151 Thread 0x00007ff30d165800 Uncommon trap: reason=class_check action=maybe_recompile pc=0x000000010c310514 method=java.util.HashMap.putVal(ILjava/lang/Object;Ljava/lang/Object;ZZ)Ljava/lang/Object; @ 203
Event: 2.155 Thread 0x00007ff30d165800 Uncommon trap: reason=class_check action=maybe_recompile pc=0x000000010c310548 method=java.util.HashMap.putVal(ILjava/lang/Object;Ljava/lang/Object;ZZ)Ljava/lang/Object; @ 91
Event: 2.158 Thread 0x00007ff30d165800 Uncommon trap: reason=class_check action=maybe_recompile pc=0x000000010c310548 method=java.util.HashMap.putVal(ILjava/lang/Object;Ljava/lang/Object;ZZ)Ljava/lang/Object; @ 91

Internal exceptions (8 events):
Event: 0.059 Thread 0x00007ff30c80f000 Exception <a 'java/lang/NoSuchMethodError': Method sun.misc.Unsafe.defineClass(Ljava/lang/String;[BII)Ljava/lang/Class; name or signature does not match> (0x0000000795592db0) thrown at [/Users/java_re/workspace/8-2-build-macosx-x86_64/jdk8u45/3457/hotspot
Event: 0.059 Thread 0x00007ff30c80f000 Exception <a 'java/lang/NoSuchMethodError': Method sun.misc.Unsafe.prefetchRead(Ljava/lang/Object;J)V name or signature does not match> (0x0000000795593040) thrown at [/Users/java_re/workspace/8-2-build-macosx-x86_64/jdk8u45/3457/hotspot/src/share/vm/prim
Event: 1.585 Thread 0x00007ff30d165800 Exception <a 'java/security/PrivilegedActionException'> (0x0000000796f350f0) thrown at [/Users/java_re/workspace/8-2-build-macosx-x86_64/jdk8u45/3457/hotspot/src/share/vm/prims/jvm.cpp, line 1382]
Event: 1.585 Thread 0x00007ff30d165800 Exception <a 'java/security/PrivilegedActionException'> (0x0000000796f35438) thrown at [/Users/java_re/workspace/8-2-build-macosx-x86_64/jdk8u45/3457/hotspot/src/share/vm/prims/jvm.cpp, line 1382]
Event: 2.123 Thread 0x00007ff30d165800 Exception <a 'java/lang/NoSuchFieldError': method resolution failed> (0x00000007957b0150) thrown at [/Users/java_re/workspace/8-2-build-macosx-x86_64/jdk8u45/3457/hotspot/src/share/vm/prims/methodHandles.cpp, line 1125]
Event: 2.127 Thread 0x00007ff30d165800 Exception <a 'java/lang/NoSuchFieldError': method resolution failed> (0x00000007957beb00) thrown at [/Users/java_re/workspace/8-2-build-macosx-x86_64/jdk8u45/3457/hotspot/src/share/vm/prims/methodHandles.cpp, line 1125]
Event: 4.710 Thread 0x00007ff30c80f000 Exception <a 'java/security/PrivilegedActionException'> (0x0000000795cb16e0) thrown at [/Users/java_re/workspace/8-2-build-macosx-x86_64/jdk8u45/3457/hotspot/src/share/vm/prims/jvm.cpp, line 1382]
Event: 4.710 Thread 0x00007ff30c80f000 Exception <a 'java/security/PrivilegedActionException'> (0x0000000795cb1898) thrown at [/Users/java_re/workspace/8-2-build-macosx-x86_64/jdk8u45/3457/hotspot/src/share/vm/prims/jvm.cpp, line 1382]

Events (10 events):
Event: 148.653 Executing VM operation: ChangeBreakpoints
Event: 148.653 Executing VM operation: ChangeBreakpoints done
Event: 447.249 Executing VM operation: RedefineClasses
Event: 447.294 Executing VM operation: RedefineClasses done
Event: 447.298 Executing VM operation: GetOrSetLocal
Event: 447.298 Executing VM operation: GetOrSetLocal done
Event: 447.384 Executing VM operation: GetOrSetLocal
Event: 447.389 Executing VM operation: GetOrSetLocal done
Event: 447.492 Executing VM operation: ForceSafepoint
Event: 447.492 Executing VM operation: ForceSafepoint done


Dynamic libraries:
0x000000000a904000 	/System/Library/Frameworks/Cocoa.framework/Versions/A/Cocoa
0x000000000a904000 	/System/Library/Frameworks/Security.framework/Versions/A/Security
0x000000000a904000 	/System/Library/Frameworks/ApplicationServices.framework/Versions/A/ApplicationServices
0x000000000a904000 	/usr/lib/libz.1.dylib
0x000000000a904000 	/usr/lib/libSystem.B.dylib
0x000000000a904000 	/usr/lib/libobjc.A.dylib
0x000000000a904000 	/System/Library/Frameworks/CoreFoundation.framework/Versions/A/CoreFoundation
0x000000000a904000 	/System/Library/Frameworks/Foundation.framework/Versions/C/Foundation
0x000000000a904000 	/System/Library/Frameworks/AppKit.framework/Versions/C/AppKit
0x000000000a904000 	/System/Library/Frameworks/CoreData.framework/Versions/A/CoreData
0x000000000a904000 	/System/Library/PrivateFrameworks/RemoteViewServices.framework/Versions/A/RemoteViewServices
0x000000000a904000 	/System/Library/PrivateFrameworks/UIFoundation.framework/Versions/A/UIFoundation
0x000000000a904000 	/System/Library/Frameworks/IOSurface.framework/Versions/A/IOSurface
0x000000000a904000 	/System/Library/Frameworks/AudioToolbox.framework/Versions/A/AudioToolbox
0x000000000a904000 	/System/Library/Frameworks/AudioUnit.framework/Versions/A/AudioUnit
0x000000000a904000 	/System/Library/PrivateFrameworks/DataDetectorsCore.framework/Versions/A/DataDetectorsCore
0x000000000a904000 	/System/Library/PrivateFrameworks/DesktopServicesPriv.framework/Versions/A/DesktopServicesPriv
0x000000000a904000 	/System/Library/Frameworks/Carbon.framework/Versions/A/Frameworks/HIToolbox.framework/Versions/A/HIToolbox
0x000000000a904000 	/System/Library/Frameworks/QuartzCore.framework/Versions/A/QuartzCore
0x000000000a904000 	/System/Library/Frameworks/Carbon.framework/Versions/A/Frameworks/SpeechRecognition.framework/Versions/A/SpeechRecognition
0x000000000a904000 	/usr/lib/libauto.dylib
0x000000000a904000 	/usr/lib/libicucore.A.dylib
0x000000000a904000 	/usr/lib/libxml2.2.dylib
0x000000000a904000 	/System/Library/PrivateFrameworks/CoreUI.framework/Versions/A/CoreUI
0x000000000a904000 	/System/Library/Frameworks/CoreAudio.framework/Versions/A/CoreAudio
0x000000000a904000 	/System/Library/Frameworks/DiskArbitration.framework/Versions/A/DiskArbitration
0x000000000a904000 	/usr/lib/liblangid.dylib
0x000000000a904000 	/System/Library/PrivateFrameworks/MultitouchSupport.framework/Versions/A/MultitouchSupport
0x000000000a904000 	/System/Library/Frameworks/IOKit.framework/Versions/A/IOKit
0x000000000a904000 	/usr/lib/libDiagnosticMessagesClient.dylib
0x000000000a904000 	/System/Library/Frameworks/CoreServices.framework/Versions/A/CoreServices
0x000000000a904000 	/System/Library/PrivateFrameworks/PerformanceAnalysis.framework/Versions/A/PerformanceAnalysis
0x000000000a904000 	/System/Library/PrivateFrameworks/GenerationalStorage.framework/Versions/A/GenerationalStorage
0x000000000a904000 	/System/Library/Frameworks/OpenGL.framework/Versions/A/OpenGL
0x000000000a904000 	/System/Library/PrivateFrameworks/Sharing.framework/Versions/A/Sharing
0x000000000a904000 	/System/Library/Frameworks/CoreGraphics.framework/Versions/A/CoreGraphics
0x000000000a904000 	/System/Library/Frameworks/CoreText.framework/Versions/A/CoreText
0x000000000a904000 	/System/Library/Frameworks/ImageIO.framework/Versions/A/ImageIO
0x000000000a904000 	/usr/lib/libextension.dylib
0x000000000a904000 	/System/Library/PrivateFrameworks/Backup.framework/Versions/A/Backup
0x000000000a904000 	/usr/lib/libarchive.2.dylib
0x000000000a904000 	/System/Library/Frameworks/CFNetwork.framework/Versions/A/CFNetwork
0x000000000a904000 	/System/Library/Frameworks/SystemConfiguration.framework/Versions/A/SystemConfiguration
0x000000000a904000 	/usr/lib/libCRFSuite.dylib
0x000000000a904000 	/usr/lib/libc++.1.dylib
0x000000000a904000 	/usr/lib/libc++abi.dylib
0x000000000a904000 	/usr/lib/system/libcache.dylib
0x000000000a904000 	/usr/lib/system/libcommonCrypto.dylib
0x000000000a904000 	/usr/lib/system/libcompiler_rt.dylib
0x000000000a904000 	/usr/lib/system/libcopyfile.dylib
0x000000000a904000 	/usr/lib/system/libcorecrypto.dylib
0x000000000a904000 	/usr/lib/system/libdispatch.dylib
0x000000000a904000 	/usr/lib/system/libdyld.dylib
0x000000000a904000 	/usr/lib/system/libkeymgr.dylib
0x000000000a904000 	/usr/lib/system/liblaunch.dylib
0x000000000a904000 	/usr/lib/system/libmacho.dylib
0x000000000a904000 	/usr/lib/system/libquarantine.dylib
0x000000000a904000 	/usr/lib/system/libremovefile.dylib
0x000000000a904000 	/usr/lib/system/libsystem_asl.dylib
0x000000000a904000 	/usr/lib/system/libsystem_blocks.dylib
0x000000000a904000 	/usr/lib/system/libsystem_c.dylib
0x000000000a904000 	/usr/lib/system/libsystem_configuration.dylib
0x000000000a904000 	/usr/lib/system/libsystem_coreservices.dylib
0x000000000a904000 	/usr/lib/system/libsystem_coretls.dylib
0x000000000a904000 	/usr/lib/system/libsystem_dnssd.dylib
0x000000000a904000 	/usr/lib/system/libsystem_info.dylib
0x000000000a904000 	/usr/lib/system/libsystem_kernel.dylib
0x000000000a904000 	/usr/lib/system/libsystem_m.dylib
0x000000000a904000 	/usr/lib/system/libsystem_malloc.dylib
0x000000000a904000 	/usr/lib/system/libsystem_network.dylib
0x000000000a904000 	/usr/lib/system/libsystem_networkextension.dylib
0x000000000a904000 	/usr/lib/system/libsystem_notify.dylib
0x000000000a904000 	/usr/lib/system/libsystem_platform.dylib
0x000000000a904000 	/usr/lib/system/libsystem_pthread.dylib
0x000000000a904000 	/usr/lib/system/libsystem_sandbox.dylib
0x000000000a904000 	/usr/lib/system/libsystem_secinit.dylib
0x000000000a904000 	/usr/lib/system/libsystem_stats.dylib
0x000000000a904000 	/usr/lib/system/libsystem_trace.dylib
0x000000000a904000 	/usr/lib/system/libunc.dylib
0x000000000a904000 	/usr/lib/system/libunwind.dylib
0x000000000a904000 	/usr/lib/system/libxpc.dylib
0x000000000a904000 	/usr/lib/libbz2.1.0.dylib
0x000000000a904000 	/usr/lib/liblzma.5.dylib
0x000000000a904000 	/usr/lib/libbsm.0.dylib
0x000000000a904000 	/usr/lib/libsqlite3.dylib
0x000000000a904000 	/usr/lib/system/libkxld.dylib
0x000000000a904000 	/usr/lib/libxar.1.dylib
0x000000000a904000 	/usr/lib/libpam.2.dylib
0x000000000a904000 	/usr/lib/libOpenScriptingUtil.dylib
0x000000000a904000 	/System/Library/Frameworks/CoreServices.framework/Versions/A/Frameworks/FSEvents.framework/Versions/A/FSEvents
0x000000000a904000 	/System/Library/Frameworks/CoreServices.framework/Versions/A/Frameworks/CarbonCore.framework/Versions/A/CarbonCore
0x000000000a904000 	/System/Library/Frameworks/CoreServices.framework/Versions/A/Frameworks/Metadata.framework/Versions/A/Metadata
0x000000000a904000 	/System/Library/Frameworks/CoreServices.framework/Versions/A/Frameworks/OSServices.framework/Versions/A/OSServices
0x000000000a904000 	/System/Library/Frameworks/CoreServices.framework/Versions/A/Frameworks/SearchKit.framework/Versions/A/SearchKit
0x000000000a904000 	/System/Library/Frameworks/CoreServices.framework/Versions/A/Frameworks/AE.framework/Versions/A/AE
0x000000000a904000 	/System/Library/Frameworks/CoreServices.framework/Versions/A/Frameworks/LaunchServices.framework/Versions/A/LaunchServices
0x000000000a904000 	/System/Library/Frameworks/CoreServices.framework/Versions/A/Frameworks/DictionaryServices.framework/Versions/A/DictionaryServices
0x000000000a904000 	/System/Library/Frameworks/NetFS.framework/Versions/A/NetFS
0x000000000a904000 	/System/Library/PrivateFrameworks/NetAuth.framework/Versions/A/NetAuth
0x000000000a904000 	/System/Library/PrivateFrameworks/login.framework/Versions/A/Frameworks/loginsupport.framework/Versions/A/loginsupport
0x000000000a904000 	/System/Library/PrivateFrameworks/TCC.framework/Versions/A/TCC
0x000000000a904000 	/usr/lib/libmecabra.dylib
0x000000000a904000 	/System/Library/Frameworks/ApplicationServices.framework/Versions/A/Frameworks/ATS.framework/Versions/A/ATS
0x000000000a904000 	/System/Library/Frameworks/ApplicationServices.framework/Versions/A/Frameworks/ColorSync.framework/Versions/A/ColorSync
0x000000000a904000 	/System/Library/Frameworks/ApplicationServices.framework/Versions/A/Frameworks/HIServices.framework/Versions/A/HIServices
0x000000000a904000 	/System/Library/Frameworks/ApplicationServices.framework/Versions/A/Frameworks/LangAnalysis.framework/Versions/A/LangAnalysis
0x000000000a904000 	/System/Library/Frameworks/ApplicationServices.framework/Versions/A/Frameworks/PrintCore.framework/Versions/A/PrintCore
0x000000000a904000 	/System/Library/Frameworks/ApplicationServices.framework/Versions/A/Frameworks/QD.framework/Versions/A/QD
0x000000000a904000 	/System/Library/Frameworks/ApplicationServices.framework/Versions/A/Frameworks/SpeechSynthesis.framework/Versions/A/SpeechSynthesis
0x000000000a904000 	/System/Library/Frameworks/Accelerate.framework/Versions/A/Accelerate
0x000000000a904000 	/System/Library/Frameworks/Accelerate.framework/Versions/A/Frameworks/vImage.framework/Versions/A/vImage
0x000000000a904000 	/System/Library/Frameworks/Accelerate.framework/Versions/A/Frameworks/vecLib.framework/Versions/A/vecLib
0x000000000a904000 	/System/Library/Frameworks/Accelerate.framework/Versions/A/Frameworks/vecLib.framework/Versions/A/libvDSP.dylib
0x000000000a904000 	/System/Library/Frameworks/Accelerate.framework/Versions/A/Frameworks/vecLib.framework/Versions/A/libvMisc.dylib
0x000000000a904000 	/System/Library/Frameworks/Accelerate.framework/Versions/A/Frameworks/vecLib.framework/Versions/A/libLAPACK.dylib
0x000000000a904000 	/System/Library/Frameworks/Accelerate.framework/Versions/A/Frameworks/vecLib.framework/Versions/A/libBLAS.dylib
0x000000000a904000 	/System/Library/Frameworks/Accelerate.framework/Versions/A/Frameworks/vecLib.framework/Versions/A/libLinearAlgebra.dylib
0x000000000a904000 	/System/Library/Frameworks/ApplicationServices.framework/Versions/A/Frameworks/ATS.framework/Versions/A/Resources/libFontParser.dylib
0x000000000a904000 	/System/Library/Frameworks/ApplicationServices.framework/Versions/A/Frameworks/ATS.framework/Versions/A/Resources/libFontRegistry.dylib
0x000000000a904000 	/System/Library/PrivateFrameworks/AppleVPA.framework/Versions/A/AppleVPA
0x000000000a904000 	/System/Library/PrivateFrameworks/AppleJPEG.framework/Versions/A/AppleJPEG
0x000000000a904000 	/System/Library/Frameworks/ImageIO.framework/Versions/A/Resources/libJPEG.dylib
0x000000000a904000 	/System/Library/Frameworks/ImageIO.framework/Versions/A/Resources/libTIFF.dylib
0x000000000a904000 	/System/Library/Frameworks/ImageIO.framework/Versions/A/Resources/libPng.dylib
0x000000000a904000 	/System/Library/Frameworks/ImageIO.framework/Versions/A/Resources/libGIF.dylib
0x000000000a904000 	/System/Library/Frameworks/ImageIO.framework/Versions/A/Resources/libJP2.dylib
0x000000000a904000 	/System/Library/Frameworks/ImageIO.framework/Versions/A/Resources/libRadiance.dylib
0x000000000a904000 	/System/Library/Frameworks/CoreVideo.framework/Versions/A/CoreVideo
0x000000000a904000 	/System/Library/Frameworks/OpenGL.framework/Versions/A/Libraries/libGLU.dylib
0x000000000a904000 	/System/Library/Frameworks/OpenGL.framework/Versions/A/Libraries/libGFXShared.dylib
0x000000000a904000 	/System/Library/Frameworks/OpenGL.framework/Versions/A/Libraries/libGL.dylib
0x000000000a904000 	/System/Library/Frameworks/OpenGL.framework/Versions/A/Libraries/libGLImage.dylib
0x000000000a904000 	/System/Library/Frameworks/OpenGL.framework/Versions/A/Libraries/libCVMSPluginSupport.dylib
0x000000000a904000 	/System/Library/Frameworks/OpenGL.framework/Versions/A/Libraries/libCoreVMClient.dylib
0x000000000a904000 	/usr/lib/libcups.2.dylib
0x000000000a904000 	/System/Library/Frameworks/Kerberos.framework/Versions/A/Kerberos
0x000000000a904000 	/System/Library/Frameworks/GSS.framework/Versions/A/GSS
0x000000000a904000 	/usr/lib/libresolv.9.dylib
0x000000000a904000 	/usr/lib/libiconv.2.dylib
0x000000000a904000 	/System/Library/PrivateFrameworks/Heimdal.framework/Versions/A/Heimdal
0x000000000a904000 	/usr/lib/libheimdal-asn1.dylib
0x000000000a904000 	/System/Library/Frameworks/OpenDirectory.framework/Versions/A/OpenDirectory
0x000000000a904000 	/System/Library/PrivateFrameworks/CommonAuth.framework/Versions/A/CommonAuth
0x000000000a904000 	/System/Library/Frameworks/OpenDirectory.framework/Versions/A/Frameworks/CFOpenDirectory.framework/Versions/A/CFOpenDirectory
0x000000000a904000 	/System/Library/Frameworks/SecurityFoundation.framework/Versions/A/SecurityFoundation
0x000000000a904000 	/System/Library/PrivateFrameworks/LanguageModeling.framework/Versions/A/LanguageModeling
0x000000000a904000 	/usr/lib/libcmph.dylib
0x000000000a904000 	/System/Library/Frameworks/ServiceManagement.framework/Versions/A/ServiceManagement
0x000000000a904000 	/usr/lib/libxslt.1.dylib
0x000000000a904000 	/System/Library/Frameworks/Carbon.framework/Versions/A/Frameworks/Ink.framework/Versions/A/Ink
0x000000000a904000 	/System/Library/Frameworks/QuartzCore.framework/Versions/A/Frameworks/CoreImage.framework/Versions/A/CoreImage
0x000000000a904000 	/System/Library/PrivateFrameworks/CrashReporterSupport.framework/Versions/A/CrashReporterSupport
0x000000000a904000 	/System/Library/Frameworks/OpenCL.framework/Versions/A/OpenCL
0x000000000a904000 	/System/Library/PrivateFrameworks/FaceCore.framework/Versions/A/FaceCore
0x000000000a904000 	/System/Library/PrivateFrameworks/Ubiquity.framework/Versions/A/Ubiquity
0x000000000a904000 	/System/Library/PrivateFrameworks/IconServices.framework/Versions/A/IconServices
0x000000000a904000 	/System/Library/PrivateFrameworks/ChunkingLibrary.framework/Versions/A/ChunkingLibrary
0x000000000a904000 	/System/Library/PrivateFrameworks/Apple80211.framework/Versions/A/Apple80211
0x000000000a904000 	/System/Library/Frameworks/CoreWLAN.framework/Versions/A/CoreWLAN
0x000000000a904000 	/System/Library/Frameworks/IOBluetooth.framework/Versions/A/IOBluetooth
0x000000000a904000 	/System/Library/PrivateFrameworks/CoreWiFi.framework/Versions/A/CoreWiFi
0x000000000a904000 	/System/Library/Frameworks/CoreBluetooth.framework/Versions/A/CoreBluetooth
0x000000000a904000 	/System/Library/PrivateFrameworks/DebugSymbols.framework/Versions/A/DebugSymbols
0x000000000a904000 	/System/Library/PrivateFrameworks/CoreSymbolication.framework/Versions/A/CoreSymbolication
0x000000000a904000 	/System/Library/PrivateFrameworks/Symbolication.framework/Versions/A/Symbolication
0x000000000a904000 	/System/Library/PrivateFrameworks/SpeechRecognitionCore.framework/Versions/A/SpeechRecognitionCore
0x000000010aed5000 	/Library/Java/JavaVirtualMachines/jdk1.8.0_45.jdk/Contents/Home/jre/lib/server/libjvm.dylib
0x000000000a904000 	/usr/lib/libstdc++.6.dylib
0x000000010bf41000 	/Library/Java/JavaVirtualMachines/jdk1.8.0_45.jdk/Contents/Home/jre/lib/libverify.dylib
0x000000010bf4f000 	/Library/Java/JavaVirtualMachines/jdk1.8.0_45.jdk/Contents/Home/jre/lib/libjava.dylib
0x000000010bf85000 	/Library/Java/JavaVirtualMachines/jdk1.8.0_45.jdk/Contents/Home/jre/lib/libjdwp.dylib
0x000000010bfd0000 	/Library/Java/JavaVirtualMachines/jdk1.8.0_45.jdk/Contents/Home/jre/lib/libnpt.dylib
0x000000010bfdd000 	/Library/Java/JavaVirtualMachines/jdk1.8.0_45.jdk/Contents/Home/jre/lib/libzip.dylib
0x000000011b3e6000 	/System/Library/Frameworks/JavaVM.framework/Frameworks/JavaRuntimeSupport.framework/JavaRuntimeSupport
0x000000012288f000 	/System/Library/Frameworks/JavaVM.framework/Versions/A/Frameworks/JavaNativeFoundation.framework/Versions/A/JavaNativeFoundation
0x00000001228a3000 	/System/Library/Frameworks/JavaVM.framework/Versions/A/JavaVM
0x000000000a904000 	/System/Library/Frameworks/Carbon.framework/Versions/A/Carbon
0x00000001228af000 	/System/Library/PrivateFrameworks/JavaLaunching.framework/Versions/A/JavaLaunching
0x000000000a904000 	/System/Library/Frameworks/Carbon.framework/Versions/A/Frameworks/CommonPanels.framework/Versions/A/CommonPanels
0x000000000a904000 	/System/Library/Frameworks/Carbon.framework/Versions/A/Frameworks/Help.framework/Versions/A/Help
0x000000000a904000 	/System/Library/Frameworks/Carbon.framework/Versions/A/Frameworks/ImageCapture.framework/Versions/A/ImageCapture
0x000000000a904000 	/System/Library/Frameworks/Carbon.framework/Versions/A/Frameworks/OpenScripting.framework/Versions/A/OpenScripting
0x000000000a904000 	/System/Library/Frameworks/Carbon.framework/Versions/A/Frameworks/Print.framework/Versions/A/Print
0x000000000a904000 	/System/Library/Frameworks/Carbon.framework/Versions/A/Frameworks/SecurityHI.framework/Versions/A/SecurityHI
0x0000000124295000 	/Library/Java/JavaVirtualMachines/jdk1.8.0_45.jdk/Contents/Home/jre/lib/libdt_socket.dylib
0x000000012518e000 	/Library/Java/JavaVirtualMachines/jdk1.8.0_45.jdk/Contents/Home/jre/lib/libsunec.dylib
0x00000001251b6000 	/Library/Java/JavaVirtualMachines/jdk1.8.0_45.jdk/Contents/Home/jre/lib/libnet.dylib

VM Arguments:
jvm_args: -agentlib:jdwp=transport=dt_socket,address=127.0.0.1:54997,suspend=y,server=n -Dfile.encoding=UTF-8 
java_command: org.dbpedia.extraction.TestResolveMappings
java_class_path (initial): /Library/Java/JavaVirtualMachines/jdk1.8.0_45.jdk/Contents/Home/lib/ant-javafx.jar:/Library/Java/JavaVirtualMachines/jdk1.8.0_45.jdk/Contents/Home/lib/dt.jar:/Library/Java/JavaVirtualMachines/jdk1.8.0_45.jdk/Contents/Home/lib/javafx-mx.jar:/Library/Java/JavaVirtualMachines/jdk1.8.0_45.jdk/Contents/Home/lib/jconsole.jar:/Library/Java/JavaVirtualMachines/jdk1.8.0_45.jdk/Contents/Home/lib/packager.jar:/Library/Java/JavaVirtualMachines/jdk1.8.0_45.jdk/Contents/Home/lib/sa-jdi.jar:/Library/Java/JavaVirtualMachines/jdk1.8.0_45.jdk/Contents/Home/lib/tools.jar:/Library/Java/JavaVirtualMachines/jdk1.8.0_45.jdk/Contents/Home/jre/lib/charsets.jar:/Library/Java/JavaVirtualMachines/jdk1.8.0_45.jdk/Contents/Home/jre/lib/deploy.jar:/Library/Java/JavaVirtualMachines/jdk1.8.0_45.jdk/Contents/Home/jre/lib/javaws.jar:/Library/Java/JavaVirtualMachines/jdk1.8.0_45.jdk/Contents/Home/jre/lib/jce.jar:/Library/Java/JavaVirtualMachines/jdk1.8.0_45.jdk/Contents/Home/jre/lib/jfr.jar:/Library/Java/JavaVirtualMachines/jdk1.8.0_45.jdk/Contents/Home/jre/lib/jfxswt.jar:/Library/Java/JavaVirtualMachines/jdk1.8.0_45.jdk/Contents/Home/jre/lib/jsse.jar:/Library/Java/JavaVirtualMachines/jdk1.8.0_45.jdk/Contents/Home/jre/lib/management-agent.jar:/Library/Java/JavaVirtualMachines/jdk1.8.0_45.jdk/Contents/Home/jre/lib/plugin.jar:/Library/Java/JavaVirtualMachines/jdk1.8.0_45.jdk/Contents/Home/jre/lib/resources.jar:/Library/Java/JavaVirtualMachines/jdk1.8.0_45.jdk/Contents/Home/jre/lib/rt.jar:/Library/Java/JavaVirtualMachines/jdk1.8.0_45.jdk/Contents/Home/jre/lib/ext/cldrdata.jar:/Library/Java/JavaVirtualMachines/jdk1.8.0_45.jdk/Contents/Home/jre/lib/ext/dnsns.jar:/Library/Java/JavaVirtualMachines/jdk1.8.0_45.jdk/Contents/Home/jre/lib/ext/jfxrt.jar:/Library/Java/JavaVirtualMachines/jdk1.8.0_45.jdk/Contents/Home/jre/lib/ext/localedata.jar:/Library/Java/JavaVirtualMachines/jdk1.8.0_45.jdk/Contents/Home/jre/lib/ext/nashorn.jar:/Library/Java/JavaVirtualMachines/jdk1.8.0_45.jdk/Conten
Launcher Type: SUN_STANDARD

Environment Variables:
PATH=/Users/aahmeti/.rbenv/shims:/Users/aahmeti/.rbenv/shims:/usr/local/bin:/usr/bin:/bin:/usr/sbin:/sbin:/usr/texbin
SHELL=/bin/bash

Signal Handlers:
SIGSEGV: [libjvm.dylib+0x58ef95], sa_mask[0]=11111111011111110111111111111111, sa_flags=SA_ONSTACK|SA_RESTART|SA_SIGINFO
SIGBUS: [libjvm.dylib+0x58ef95], sa_mask[0]=11111111011111110111111111111111, sa_flags=SA_RESTART|SA_SIGINFO
SIGFPE: [libjvm.dylib+0x46c108], sa_mask[0]=11111111011111110111111111111111, sa_flags=SA_RESTART|SA_SIGINFO
SIGPIPE: [libjvm.dylib+0x46c108], sa_mask[0]=11111111011111110111111111111111, sa_flags=SA_RESTART|SA_SIGINFO
SIGXFSZ: [libjvm.dylib+0x46c108], sa_mask[0]=11111111011111110111111111111111, sa_flags=SA_RESTART|SA_SIGINFO
SIGILL: [libjvm.dylib+0x46c108], sa_mask[0]=11111111011111110111111111111111, sa_flags=SA_RESTART|SA_SIGINFO
SIGUSR1: SIG_DFL, sa_mask[0]=00000000000000000000000000000000, sa_flags=none
SIGUSR2: [libjvm.dylib+0x46bc26], sa_mask[0]=00100000000000000000000000000000, sa_flags=SA_RESTART|SA_SIGINFO
SIGHUP: [libjvm.dylib+0x46a1f9], sa_mask[0]=11111111011111110111111111111111, sa_flags=SA_RESTART|SA_SIGINFO
SIGINT: [libjvm.dylib+0x46a1f9], sa_mask[0]=11111111011111110111111111111111, sa_flags=SA_RESTART|SA_SIGINFO
SIGTERM: [libjvm.dylib+0x46a1f9], sa_mask[0]=11111111011111110111111111111111, sa_flags=SA_RESTART|SA_SIGINFO
SIGQUIT: [libjvm.dylib+0x46a1f9], sa_mask[0]=11111111011111110111111111111111, sa_flags=SA_RESTART|SA_SIGINFO


---------------  S Y S T E M  ---------------

OS:Bsduname:Darwin 14.4.0 Darwin Kernel Version 14.4.0: Thu May 28 11:35:04 PDT 2015; root:xnu-2782.30.5~1/RELEASE_X86_64 x86_64
rlimit: STACK 8192k, CORE 0k, NPROC 709, NOFILE 10240, AS infinity
load average:5.72 5.28 5.07

CPU:total 4 (2 cores per cpu, 2 threads per core) family 6 model 69 stepping 1, cmov, cx8, fxsr, mmx, sse, sse2, sse3, ssse3, sse4.1, sse4.2, popcnt, avx, avx2, aes, clmul, erms, lzcnt, ht, tsc, tscinvbit, bmi1, bmi2

Memory: 4k page, physical 8388608k(135664k free)

/proc/meminfo:


vm_info: Java HotSpot(TM) 64-Bit Server VM (25.45-b02) for bsd-amd64 JRE (1.8.0_45-b14), built on Apr 10 2015 10:46:38 by "java_re" with gcc 4.2.1 (Based on Apple Inc. build 5658) (LLVM build 2336.11.00)

time: Tue Aug 11 15:46:05 2015
elapsed time: 5841 seconds (0d 1h 37m 21s)

